2025-01-01 12:59:14 [main] INFO  WebCrawlerKan - main => Started @ 01-01-2025_12-59
2025-01-01 12:59:14 [main] INFO  WebCrawlerKan - main => Started @ 01-01-2025_12-59
2025-01-01 12:59:14 [main] INFO  WebCrawlerKan - crawlDigitalLive => Added  Kan 11 Live TV
2025-01-01 12:59:14 [main] INFO  WebCrawlerKan - crawlDigitalLive => Added  Kan 11 Live TV
2025-01-01 12:59:14 [main] INFO  WebCrawlerKan - crawlDigitalLive => Added Kan Kids Live TV
2025-01-01 12:59:14 [main] INFO  WebCrawlerKan - crawlDigitalLive => Added Kan Kids Live TV
2025-01-01 12:59:14 [main] INFO  WebCrawlerKan - crawlDigitalLive => Added Kan Kids Live TV
2025-01-01 12:59:14 [main] INFO  WebCrawlerKan - crawlDigitalLive => Added Kan Kids Live TV
2025-01-01 12:59:14 [main] INFO  WebCrawlerKan - crawlDigitalLive => Added Makan Live TV
2025-01-01 12:59:14 [main] INFO  WebCrawlerKan - crawlDigitalLive => Added Makan Live TV
2025-01-01 12:59:17 [main] DEBUG WebCrawlerKan - crawlDigital => link: https://www.kan.org.il/content/kan/kan-11/p-12317/
2025-01-01 12:59:17 [main] DEBUG WebCrawlerKan - crawlDigital => link: https://www.kan.org.il/content/kan/kan-11/p-12317/
2025-01-01 12:59:17 [main] DEBUG WebCrawlerKan - getVideos =>   episodeLogoUrl location: https://www.kan.org.il/media/pn3ifewd/טהרן-1.jpg
2025-01-01 12:59:17 [main] DEBUG WebCrawlerKan - getVideos =>   episodeLogoUrl location: https://www.kan.org.il/media/pn3ifewd/טהרן-1.jpg
2025-01-01 12:59:17 [main] DEBUG WebCrawlerKan - getVideos => Added videos for episode : פרק 1 - עולם רדיואקטיבי 2:1 subtype: d
2025-01-01 12:59:17 [main] DEBUG WebCrawlerKan - getVideos => Added videos for episode : פרק 1 - עולם רדיואקטיבי 2:1 subtype: d
2025-01-01 12:59:17 [main] DEBUG WebCrawlerKan - getVideos =>   episodeLogoUrl location: https://www.kan.org.il/media/a3wayh3m/טהרן-2.jpg
2025-01-01 12:59:17 [main] DEBUG WebCrawlerKan - getVideos =>   episodeLogoUrl location: https://www.kan.org.il/media/a3wayh3m/טהרן-2.jpg
2025-01-01 12:59:17 [main] DEBUG WebCrawlerKan - getVideos => Added videos for episode : פרק 2 - אגרוף בפרצוף 2:2 subtype: d
2025-01-01 12:59:17 [main] DEBUG WebCrawlerKan - getVideos => Added videos for episode : פרק 2 - אגרוף בפרצוף 2:2 subtype: d
2025-01-01 12:59:17 [main] DEBUG WebCrawlerKan - getVideos =>   episodeLogoUrl location: https://www.kan.org.il/media/oahjeguu/טהרן-3.jpg
2025-01-01 12:59:17 [main] DEBUG WebCrawlerKan - getVideos =>   episodeLogoUrl location: https://www.kan.org.il/media/oahjeguu/טהרן-3.jpg
2025-01-01 12:59:19 [main] DEBUG WebCrawlerKan - getVideos => Added videos for episode : פרק 3 - בגוב האריות 2:3 subtype: d
2025-01-01 12:59:19 [main] DEBUG WebCrawlerKan - getVideos => Added videos for episode : פרק 3 - בגוב האריות 2:3 subtype: d
2025-01-01 12:59:19 [main] DEBUG WebCrawlerKan - getVideos =>   episodeLogoUrl location: https://www.kan.org.il/media/t2dfnqn2/hero_kan-box-copy-3.jpg
2025-01-01 12:59:19 [main] DEBUG WebCrawlerKan - getVideos =>   episodeLogoUrl location: https://www.kan.org.il/media/t2dfnqn2/hero_kan-box-copy-3.jpg
2025-01-01 12:59:19 [main] DEBUG WebCrawlerKan - getVideos => Added videos for episode : פרק 4 - אל תוך האש 2:4 subtype: d
2025-01-01 12:59:19 [main] DEBUG WebCrawlerKan - getVideos => Added videos for episode : פרק 4 - אל תוך האש 2:4 subtype: d
2025-01-01 12:59:19 [main] DEBUG WebCrawlerKan - getVideos =>   episodeLogoUrl location: https://www.kan.org.il/media/r4ybjnpv/שני-בטהרן.jpg
2025-01-01 12:59:19 [main] DEBUG WebCrawlerKan - getVideos =>   episodeLogoUrl location: https://www.kan.org.il/media/r4ybjnpv/שני-בטהרן.jpg
2025-01-01 13:00:31 [main] INFO  WebCrawlerMako - main => Started @ 01-01-2025_13-00
2025-01-01 13:00:31 [main] INFO  WebCrawlerMako - crawlLive => Added  Kan 11 Live TV
2025-01-01 13:02:40 [main] INFO  WebCrawlerMako - main = > Stopped @ 01-01-2025_13-02
2025-01-01 13:04:22 [main] INFO  WebCrawlerMako - main => Started @ 01-01-2025_13-04
2025-01-01 13:04:29 [main] INFO  WebCrawlerMako - crawlLive => Added  Kan 11 Live TV
2025-01-01 13:05:10 [main] ERROR WebCrawlerMako - fetchPage => Failed to retrieve page: https://www.mako.co.il/mako-vod-index
